/home/huseyin/ros2_ws/install/my_py_pkg/lib/python3.10/site-packages/my_py_pkg/elevator_service.py
/home/huseyin/ros2_ws/install/my_py_pkg/lib/python3.10/site-packages/my_py_pkg/__init__.py
/home/huseyin/ros2_ws/install/my_py_pkg/lib/python3.10/site-packages/my_py_pkg/odomtopicsub.py
/home/huseyin/ros2_ws/install/my_py_pkg/lib/python3.10/site-packages/my_py_pkg/my_first_node.py
/home/huseyin/ros2_ws/install/my_py_pkg/lib/python3.10/site-packages/my_py_pkg/cmdvelpublisher.py
/home/huseyin/ros2_ws/install/my_py_pkg/lib/python3.10/site-packages/my_py_pkg/__pycache__/elevator_service.cpython-310.pyc
/home/huseyin/ros2_ws/install/my_py_pkg/lib/python3.10/site-packages/my_py_pkg/__pycache__/__init__.cpython-310.pyc
/home/huseyin/ros2_ws/install/my_py_pkg/lib/python3.10/site-packages/my_py_pkg/__pycache__/odomtopicsub.cpython-310.pyc
/home/huseyin/ros2_ws/install/my_py_pkg/lib/python3.10/site-packages/my_py_pkg/__pycache__/my_first_node.cpython-310.pyc
/home/huseyin/ros2_ws/install/my_py_pkg/lib/python3.10/site-packages/my_py_pkg/__pycache__/cmdvelpublisher.cpython-310.pyc
/home/huseyin/ros2_ws/install/my_py_pkg/share/ament_index/resource_index/packages/my_py_pkg
/home/huseyin/ros2_ws/install/my_py_pkg/share/my_py_pkg/package.xml
/home/huseyin/ros2_ws/install/my_py_pkg/lib/python3.10/site-packages/my_py_pkg-0.0.0-py3.10.egg-info/entry_points.txt
/home/huseyin/ros2_ws/install/my_py_pkg/lib/python3.10/site-packages/my_py_pkg-0.0.0-py3.10.egg-info/top_level.txt
/home/huseyin/ros2_ws/install/my_py_pkg/lib/python3.10/site-packages/my_py_pkg-0.0.0-py3.10.egg-info/requires.txt
/home/huseyin/ros2_ws/install/my_py_pkg/lib/python3.10/site-packages/my_py_pkg-0.0.0-py3.10.egg-info/SOURCES.txt
/home/huseyin/ros2_ws/install/my_py_pkg/lib/python3.10/site-packages/my_py_pkg-0.0.0-py3.10.egg-info/zip-safe
/home/huseyin/ros2_ws/install/my_py_pkg/lib/python3.10/site-packages/my_py_pkg-0.0.0-py3.10.egg-info/PKG-INFO
/home/huseyin/ros2_ws/install/my_py_pkg/lib/python3.10/site-packages/my_py_pkg-0.0.0-py3.10.egg-info/dependency_links.txt
/home/huseyin/ros2_ws/install/my_py_pkg/lib/my_py_pkg/cmdvelpublisher
/home/huseyin/ros2_ws/install/my_py_pkg/lib/my_py_pkg/elevator_service
/home/huseyin/ros2_ws/install/my_py_pkg/lib/my_py_pkg/odomtopicsub
/home/huseyin/ros2_ws/install/my_py_pkg/lib/my_py_pkg/py_node
